This is pdfTeX, Version 3.1415926-1.40.10 (TeX Live 2009/Debian) (format=pdflatex 2011.2.7)  20 FEB 2011 00:27
entering extended mode
 restricted \write18 enabled.
 %&-line parsing enabled.
**main.tex
(./main.tex
LaTeX2e <2009/09/24>
Babel <v3.8l> and hyphenation patterns for english, usenglishmax, dumylang, noh
yphenation, farsi, arabic, croatian, bulgarian, ukrainian, russian, czech, slov
ak, danish, dutch, finnish, french, basque, ngerman, german, german-x-2009-06-1
9, ngerman-x-2009-06-19, ibycus, monogreek, greek, ancientgreek, hungarian, san
skrit, italian, latin, latvian, lithuanian, mongolian2a, mongolian, bokmal, nyn
orsk, romanian, irish, coptic, serbian, turkish, welsh, esperanto, uppersorbian
, estonian, indonesian, interlingua, icelandic, kurmanji, slovenian, polish, po
rtuguese, spanish, galician, catalan, swedish, ukenglish, pinyin, loaded.
(/usr/share/texmf-texlive/tex/latex/base/article.cls
Document Class: article 2007/10/19 v1.4h Standard LaTeX document class
(/usr/share/texmf-texlive/tex/latex/base/size10.clo
File: size10.clo 2007/10/19 v1.4h Standard LaTeX file (size option)
)
\c@part=\count79
\c@section=\count80
\c@subsection=\count81
\c@subsubsection=\count82
\c@paragraph=\count83
\c@subparagraph=\count84
\c@figure=\count85
\c@table=\count86
\abovecaptionskip=\skip41
\belowcaptionskip=\skip42
\bibindent=\dimen102
)
(/usr/share/texmf-texlive/tex/latex/graphics/graphicx.sty
Package: graphicx 1999/02/16 v1.0f Enhanced LaTeX Graphics (DPC,SPQR)

(/usr/share/texmf-texlive/tex/latex/graphics/keyval.sty
Package: keyval 1999/03/16 v1.13 key=value parser (DPC)
\KV@toks@=\toks14
)
(/usr/share/texmf-texlive/tex/latex/graphics/graphics.sty
Package: graphics 2009/02/05 v1.0o Standard LaTeX Graphics (DPC,SPQR)

(/usr/share/texmf-texlive/tex/latex/graphics/trig.sty
Package: trig 1999/03/16 v1.09 sin cos tan (DPC)
)
(/etc/texmf/tex/latex/config/graphics.cfg
File: graphics.cfg 2009/08/28 v1.8 graphics configuration of TeX Live
)
Package graphics Info: Driver file: pdftex.def on input line 91.

(/usr/share/texmf-texlive/tex/latex/pdftex-def/pdftex.def
File: pdftex.def 2010/03/12 v0.04p Graphics/color for pdfTeX
\Gread@gobject=\count87
))
\Gin@req@height=\dimen103
\Gin@req@width=\dimen104
)
(/var/lib/texmf/tex/generic/babel/babel.sty
Package: babel 2008/07/06 v3.8l The Babel package

(/usr/share/texmf-texlive/tex/generic/babel/portuges.ldf
Language: portuges 2008/03/18 v1.2q Portuguese support from the babel system

(/usr/share/texmf-texlive/tex/generic/babel/babel.def
File: babel.def 2008/07/06 v3.8l Babel common definitions
\babel@savecnt=\count88
\U@D=\dimen105
)
Package babel Info: Making " an active character on input line 145.
))
(/usr/share/texmf-texlive/tex/latex/base/inputenc.sty
Package: inputenc 2008/03/30 v1.1d Input encoding file
\inpenc@prehook=\toks15
\inpenc@posthook=\toks16

(/usr/share/texmf-texlive/tex/latex/ucs/utf8x.def
File: utf8x.def 2004/10/17 UCS: Input encoding UTF-8
))
(/usr/share/texmf-texlive/tex/latex/ucs/ucs.sty
Package: ucs 2004/10/17 UCS: Unicode input support

(/usr/share/texmf-texlive/tex/latex/ucs/data/uni-global.def
File: uni-global.def 2004/10/17 UCS: Unicode global data
)
\uc@secondtry=\count89
\uc@combtoks=\toks17
\uc@combtoksb=\toks18
\uc@temptokena=\toks19
)
(/usr/share/texmf-texlive/tex/latex/tools/indentfirst.sty
Package: indentfirst 1995/11/23 v1.03 Indent first paragraph (DPC)
)
(/usr/share/texmf-texlive/tex/latex/lipsum/lipsum.sty
Package: lipsum 2005/01/26 v1.0 150 paragraphs of Lorem Ipsum dummy text
File: lipsum.dtx 2005/01/26 v1.0 150 paragraphs of Lorem Ipsum dummy text
\c@lips@count=\count90
)
(/usr/share/texmf-texlive/tex/latex/enumitem/enumitem.sty
Package: enumitem 2009/05/18 v2.2 Customized lists
\enit@toks=\toks20
\labelindent=\skip43
\enit@outerparindent=\dimen106
\enitdp@desc=\count91
)
(/usr/share/texmf-texlive/tex/latex/multirow/multirow.sty
\bigstrutjot=\dimen107
)
(/usr/share/texmf-texlive/tex/latex/eurosym/eurosym.sty
Package: eurosym 1998/08/06 v1.1 European currency symbol ``Euro''
\@eurobox=\box26
)
(/usr/share/texmf-texlive/tex/latex/rotating/rotating.sty
Package: rotating 2009/03/28 v2.16a rotated objects in LaTeX

(/usr/share/texmf-texlive/tex/latex/base/ifthen.sty
Package: ifthen 2001/05/26 v1.1c Standard LaTeX ifthen package (DPC)
)
\c@r@tfl@t=\count92
\rotFPtop=\skip44
\rotFPbot=\skip45
\rot@float@box=\box27
\rot@mess@toks=\toks21
)
(/usr/share/texmf-texlive/tex/latex/fancyhdr/fancyhdr.sty
\fancy@headwidth=\skip46
\f@ncyO@elh=\skip47
\f@ncyO@erh=\skip48
\f@ncyO@olh=\skip49
\f@ncyO@orh=\skip50
\f@ncyO@elf=\skip51
\f@ncyO@erf=\skip52
\f@ncyO@olf=\skip53
\f@ncyO@orf=\skip54
)
(/usr/share/texmf-texlive/tex/latex/geometry/geometry.sty
Package: geometry 2008/12/21 v4.2 Page Geometry

(/usr/share/texmf-texlive/tex/generic/oberdiek/ifpdf.sty
Package: ifpdf 2009/04/10 v2.0 Provides the ifpdf switch (HO)
Package ifpdf Info: pdfTeX in pdf mode detected.
)
(/usr/share/texmf-texlive/tex/generic/oberdiek/ifvtex.sty
Package: ifvtex 2008/11/04 v1.4 Switches for detecting VTeX and its modes (HO)
Package ifvtex Info: VTeX not detected.
)
\Gm@cnth=\count93
\Gm@cntv=\count94
\c@Gm@tempcnt=\count95
\Gm@bindingoffset=\dimen108
\Gm@wd@mp=\dimen109
\Gm@odd@mp=\dimen110
\Gm@even@mp=\dimen111
\Gm@dimlist=\toks22

(/usr/share/texmf-texlive/tex/xelatex/xetexconfig/geometry.cfg))
(/usr/share/texmf-texlive/tex/latex/titlesec/titlesec.sty
Package: titlesec 2007/08/12 v2.8 Sectioning titles
\ttl@box=\box28
\beforetitleunit=\skip55
\aftertitleunit=\skip56
\ttl@plus=\dimen112
\ttl@minus=\dimen113
\ttl@toksa=\toks23
\titlewidth=\dimen114
\titlewidthlast=\dimen115
\titlewidthfirst=\dimen116
) (./main.aux)
\openout1 = `main.aux'.

LaTeX Font Info:    Checking defaults for OML/cmm/m/it on input line 52.
LaTeX Font Info:    ... okay on input line 52.
LaTeX Font Info:    Checking defaults for T1/cmr/m/n on input line 52.
LaTeX Font Info:    ... okay on input line 52.
LaTeX Font Info:    Checking defaults for OT1/cmr/m/n on input line 52.
LaTeX Font Info:    ... okay on input line 52.
LaTeX Font Info:    Checking defaults for OMS/cmsy/m/n on input line 52.
LaTeX Font Info:    ... okay on input line 52.
LaTeX Font Info:    Checking defaults for OMX/cmex/m/n on input line 52.
LaTeX Font Info:    ... okay on input line 52.
LaTeX Font Info:    Checking defaults for U/cmr/m/n on input line 52.
LaTeX Font Info:    ... okay on input line 52.
LaTeX Font Info:    Try loading font information for OT1+phv on input line 52.

(/usr/share/texmf-texlive/tex/latex/psnfss/ot1phv.fd
File: ot1phv.fd 2001/06/04 scalable font definitions for OT1/phv.
)
(/usr/share/texmf/tex/context/base/supp-pdf.mkii
[Loading MPS to PDF converter (version 2006.09.02).]
\scratchcounter=\count96
\scratchdimen=\dimen117
\scratchbox=\box29
\nofMPsegments=\count97
\nofMParguments=\count98
\everyMPshowfont=\toks24
\MPscratchCnt=\count99
\MPscratchDim=\dimen118
\MPnumerator=\count100
\everyMPtoPDFconversion=\toks25
) (/usr/share/texmf-texlive/tex/latex/ucs/ucsencs.def
File: ucsencs.def 2003/11/29 Fixes to fontencodings LGR, T3
)
*geometry auto-detecting driver*
*geometry detected driver: pdftex*
-------------------- Geometry parameters
paper: a4paper
landscape: --
twocolumn: --
twoside: --
asymmetric: --
h-parts: 72.26999pt, 452.9679pt, 72.26999pt
v-parts: 101.40665pt, 0.7\paperheight , 152.11pt (default)
hmarginratio: --
vmarginratio: 2:3
lines: --
heightrounded: --
bindingoffset: 0.0pt
truedimen: --
includehead: --
includefoot: --
includemp: --
driver: pdftex
-------------------- Page layout dimensions and switches
\paperwidth  597.50787pt
\paperheight 845.04684pt
\textwidth  452.9679pt
\textheight 591.5302pt
\oddsidemargin  0.0pt
\evensidemargin 0.0pt
\topmargin  -7.86334pt
\headheight 12.0pt
\headsep    25.0pt
\footskip   30.0pt
\marginparwidth 57.0pt
\marginparsep   11.0pt
\columnsep  10.0pt
\skip\footins  9.0pt plus 4.0pt minus 2.0pt
\hoffset 0.0pt
\voffset 0.0pt
\mag 1000

(1in=72.27pt, 1cm=28.45pt)
-----------------------
(./capa.tex <files/cesiumLogoSolido.png, id=1, 356.532pt x 97.3236pt>
File: files/cesiumLogoSolido.png Graphic file (type png)

<use files/cesiumLogoSolido.png>
(/usr/share/texmf-texlive/tex/latex/ucs/data/uni-0.def
File: uni-0.def 2004/10/17 UCS: Unicode data U+0000..U+00FF
)
LaTeX Font Info:    Font shape `OT1/phv/bx/n' in size <24.88> not available
(Font)              Font shape `OT1/phv/b/n' tried instead on input line 9.
 [1

{/var/lib/texmf/fonts/map/pdftex/updmap/pdftex.map} <./files/cesiumLogoSolido.p
ng>]) (./indice.tex
LaTeX Font Info:    Font shape `OT1/phv/bx/n' in size <14.4> not available
(Font)              Font shape `OT1/phv/b/n' tried instead on input line 1.

(./main.toc
LaTeX Font Info:    Font shape `OT1/phv/bx/n' in size <10> not available
(Font)              Font shape `OT1/phv/b/n' tried instead on input line 2.
LaTeX Font Info:    External font `cmex10' loaded for size
(Font)              <7> on input line 3.
LaTeX Font Info:    External font `cmex10' loaded for size
(Font)              <5> on input line 3.
)
\tf@toc=\write3
\openout3 = `main.toc'.

File: files/cesiumLogoSolido.png Graphic file (type png)
 <use files/cesiumLogoSolido.png>

Package Fancyhdr Warning: \headheight is too small (12.0pt): 
 Make it at least 40.69623pt.
 We now make it that large for the rest of the document.
 This may cause the page layout to be inconsistent, however.

[1]) (./geral.tex
LaTeX Font Info:    Font shape `OT1/phv/bx/n' in size <12> not available
(Font)              Font shape `OT1/phv/b/n' tried instead on input line 3.
LaTeX Font Info:    Try loading font information for OMS+phv on input line 17.
 (/usr/share/texmf-texlive/tex/latex/psnfss/omsphv.fd
File: omsphv.fd 
)
LaTeX Font Info:    Font shape `OMS/phv/m/n' in size <10> not available
(Font)              Font shape `OMS/cmsy/m/n' tried instead on input line 17.
File: files/cesiumLogoSolido.png Graphic file (type png)

<use files/cesiumLogoSolido.png> [2]
File: files/cesiumLogoSolido.png Graphic file (type png)
 <use files/cesiumLogoSolido.png> [3])
(./content.tex (./departamentos/Recreativo/main.tex)
(./departamentos/Recreativo/activities.tex)
File: files/cesiumLogoSolido.png Graphic file (type png)
 <use files/cesiumLogoSolido.png>
[4] (./departamentos/ComImg/main.tex) (./departamentos/ComImg/activities.tex)
File: files/cesiumLogoSolido.png Graphic file (type png)

<use files/cesiumLogoSolido.png> [5] (./departamentos/DREP/main.tex)
(./departamentos/DREP/activities.tex)
File: files/cesiumLogoSolido.png Graphic file (type png)
 <use files/cesiumLogoSolido.png> [6]
(./departamentos/CAOS/main.tex) (./departamentos/CAOS/activities.tex
(./departamentos/CAOS/php.tex) (./departamentos/CAOS/bash_scripting.tex
File: files/cesiumLogoSolido.png Graphic file (type png)

<use files/cesiumLogoSolido.png> [7]) (./departamentos/CAOS/javascript.tex)
(./departamentos/CAOS/shell_talk.tex) (./departamentos/CAOS/latex.tex
File: files/cesiumLogoSolido.png Graphic file (type png)

<use files/cesiumLogoSolido.png> [8]) (./departamentos/CAOS/makefiles.tex)
(./departamentos/CAOS/prolog.tex
File: files/cesiumLogoSolido.png Graphic file (type png)
 <use files/cesiumLogoSolido.png> [9])
(./departamentos/CAOS/lip.tex))
File: files/cesiumLogoSolido.png Graphic file (type png)
 <use files/cesiumLogoSolido.png> [10]
(./departamentos/Direccao/main.tex) (./departamentos/Direccao/activities.tex
(./departamentos/Direccao/ENEI_2012.tex
File: files/cesiumLogoSolido.png Graphic file (type png)
 <use files/cesiumLogoSolido.png>
[11]) (./departamentos/Direccao/ENEI_2011.tex
File: files/cesiumLogoSolido.png Graphic file (type png)
 <use files/cesiumLogoSolido.png>
[12]) (./departamentos/Direccao/drupal.tex
(/usr/share/texmf-texlive/tex/latex/ucs/data/uni-32.def
File: uni-32.def 2004/10/17 UCS: Unicode data U+2000..U+20FF
)
Overfull \hbox (12.24075pt too wide) in paragraph at lines 4--8
[]\OT1/phv/m/n/10 O acesso ao Col[]oquio Dru-pal []e gra-tuito mas, face ao n[]
umero li-mi-tado de lu-ga-res, su-jeito a confirma[][]ao. 
 []

File: files/cesiumLogoSolido.png Graphic file (type png)
<use files/cesiumLogoSolido.png> [13])
(./departamentos/Direccao/uminho_code.tex
File: files/cesiumLogoSolido.png Graphic file (type png)
 <use files/cesiumLogoSolido.png>
[14]) (./departamentos/Direccao/codebits.tex
File: files/cesiumLogoSolido.png Graphic file (type png)
 <use files/cesiumLogoSolido.png>
[15]) (./departamentos/Direccao/semana_lei.tex
File: files/cesiumLogoSolido.png Graphic file (type png)

<use files/cesiumLogoSolido.png> [16]
LaTeX Font Info:    Font shape `OT1/phv/m/it' in size <10> not available
(Font)              Font shape `OT1/phv/m/sl' tried instead on input line 21.
File: files/cesiumLogoSolido.png Graphic file (type png)
 <use files/cesiumLogoSolido.png> [17]
File: files/cesiumLogoSolido.png Graphic file (type png)

<use files/cesiumLogoSolido.png> [18]
File: files/cesiumLogoSolido.png Graphic file (type png)
 <use files/cesiumLogoSolido.png> [19]
File: files/cesiumLogoSolido.png Graphic file (type png)

<use files/cesiumLogoSolido.png> [20]
File: files/cesiumLogoSolido.png Graphic file (type png)
 <use files/cesiumLogoSolido.png> [21]
File: files/cesiumLogoSolido.png Graphic file (type png)

<use files/cesiumLogoSolido.png> [22]
Overfull \hbox (27.7875pt too wide) in paragraph at lines 372--373
[]\OT1/phv/m/n/10 Maratona de mini-palestras da-das por alu-nos e in-ves-ti-ga-
do-res da UM, com pr[]emios para as apresenta[][]oes
 []

File: files/cesiumLogoSolido.png Graphic file (type png)
<use files/cesiumLogoSolido.png> [23]
File: files/cesiumLogoSolido.png Graphic file (type png)
 <use files/cesiumLogoSolido.png> [24]
Underfull \hbox (badness 10000) in paragraph at lines 532--533

 []


Overfull \hbox (41.411pt too wide) in paragraph at lines 535--580
 [] 
 []

))) (./final.tex)
File: files/cesiumLogoSolido.png Graphic file (type png)
 <use files/cesiumLogoSolido.png> [25] (./main.aux) ) 
Here is how much of TeX's memory you used:
 3718 strings out of 493848
 49367 string characters out of 1152824
 206940 words of memory out of 3000000
 6863 multiletter control sequences out of 15000+50000
 19273 words of font info for 34 fonts, out of 3000000 for 9000
 714 hyphenation exceptions out of 8191
 32i,16n,43p,660b,558s stack positions out of 5000i,500n,10000p,200000b,50000s
{/usr/share/texmf-texlive/
fonts/enc/dvips/base/8r.enc}</usr/share/texmf-texlive/fonts/type1/public/amsfon
ts/cm/cmsy10.pfb></usr/share/texmf-texlive/fonts/type1/public/amsfonts/cm/cmsy7
.pfb></usr/share/texmf-texlive/fonts/type1/public/eurosym/feymr10.pfb></usr/sha
re/texmf-texlive/fonts/type1/urw/helvetic/uhvb8a.pfb></usr/share/texmf-texlive/
fonts/type1/urw/helvetic/uhvr8a.pfb></usr/share/texmf-texlive/fonts/type1/urw/h
elvetic/uhvro8a.pfb>
Output written on main.pdf (26 pages, 160225 bytes).
PDF statistics:
 114 PDF objects out of 1000 (max. 8388607)
 0 named destinations out of 1000 (max. 500000)
 6 words of extra memory for PDF output out of 10000 (max. 10000000)

